=== Step 02: CP-2 Tensor Decomposition (CPU) ===

=== Step 03: Fit to Uncertainty ===

=== Step 04: Evaluate Generated ===
Loglar okunuyor...
Soru: counting_&_probability_01904 | Doğru Bilme Sayısı: 5/10
Soru: intermediate_algebra_10500 | Doğru Bilme Sayısı: 0/10
Soru: geometry_02963 | Doğru Bilme Sayısı: 1/10
Soru: intermediate_algebra_10161 | Doğru Bilme Sayısı: 2/10
Soru: intermediate_algebra_09730 | Doğru Bilme Sayısı: 2/10
Soru: prealgebra_06386 | Doğru Bilme Sayısı: 0/10
Soru: number_theory_04868 | Doğru Bilme Sayısı: 5/10
Soru: precalculus_12074 | Doğru Bilme Sayısı: 3/10
Soru: algebra_00467 | Doğru Bilme Sayısı: 0/10
Soru: prealgebra_06345 | Doğru Bilme Sayısı: 6/10
Soru: intermediate_algebra_04034 | Doğru Bilme Sayısı: 0/10
Soru: counting_&_probability_08714 | Doğru Bilme Sayısı: 3/10
Soru: prealgebra_05825 | Doğru Bilme Sayısı: 1/10
Soru: prealgebra_11781 | Doğru Bilme Sayısı: 0/10
Soru: counting_&_probability_02244 | Doğru Bilme Sayısı: 0/10
Soru: geometry_02612 | Doğru Bilme Sayısı: 0/10
Soru: algebra_08553 | Doğru Bilme Sayısı: 8/10
Soru: number_theory_05395 | Doğru Bilme Sayısı: 4/10
Soru: intermediate_algebra_09657 | Doğru Bilme Sayısı: 0/10
Soru: prealgebra_06679 | Doğru Bilme Sayısı: 0/10
Soru: algebra_08122 | Doğru Bilme Sayısı: 4/10
Soru: algebra_08296 | Doğru Bilme Sayısı: 2/10
Soru: algebra_00209 | Doğru Bilme Sayısı: 2/10
Soru: prealgebra_06263 | Doğru Bilme Sayısı: 2/10
Soru: prealgebra_05679 | Doğru Bilme Sayısı: 0/10
Soru: algebra_00318 | Doğru Bilme Sayısı: 9/10
Soru: precalculus_12237 | Doğru Bilme Sayısı: 2/10
Soru: intermediate_algebra_04232 | Doğru Bilme Sayısı: 9/10
Soru: intermediate_algebra_09840 | Doğru Bilme Sayısı: 7/10
Soru: algebra_08293 | Doğru Bilme Sayısı: 0/10
Soru: number_theory_10608 | Doğru Bilme Sayısı: 4/10
Soru: number_theory_11063 | Doğru Bilme Sayısı: 8/10
Soru: intermediate_algebra_10469 | Doğru Bilme Sayısı: 0/10
Soru: precalculus_07147 | Doğru Bilme Sayısı: 0/10
Soru: algebra_07984 | Doğru Bilme Sayısı: 8/10
Soru: number_theory_05304 | Doğru Bilme Sayısı: 1/10
Soru: counting_&_probability_08778 | Doğru Bilme Sayısı: 2/10
Soru: precalculus_07019 | Doğru Bilme Sayısı: 1/10
Soru: algebra_07981 | Doğru Bilme Sayısı: 2/10
Soru: intermediate_algebra_03956 | Doğru Bilme Sayısı: 2/10
Soru: intermediate_algebra_09871 | Doğru Bilme Sayısı: 3/10
Soru: counting_&_probability_09097 | Doğru Bilme Sayısı: 0/10
Soru: intermediate_algebra_04424 | Doğru Bilme Sayısı: 8/10
Soru: algebra_00155 | Doğru Bilme Sayısı: 2/10
Soru: algebra_00031 | Doğru Bilme Sayısı: 5/10
Soru: geometry_02940 | Doğru Bilme Sayısı: 0/10
Soru: prealgebra_06576 | Doğru Bilme Sayısı: 6/10
Soru: counting_&_probability_01919 | Doğru Bilme Sayısı: 0/10
Soru: algebra_07728 | Doğru Bilme Sayısı: 3/10
Soru: counting_&_probability_02158 | Doğru Bilme Sayısı: 0/10

Başarılı! accuracy_dict dosyası şuraya kaydedildi: quick_start/gen_3b_base/results/accuracy_dict_generated.pkl
Tasks: 50
Mean accuracy: 0.2640
AUROC: nan
AUARC: 0.3174
MATU PIPELINE RESUMED AND DONE FOR 3b_base!
